<?xml version="1.0" encoding="UTF-8"?>
<!-- Generated by org.testng.reporters.JUnitReportReporter -->
<testsuite hostname="Eshas-MacBook-Pro.local" name="com.esha.test1.AppTest" tests="1" failures="0" timestamp="12 Apr 2017 12:10:13 GMT" time="23.871" errors="0">
  <testcase name="testCase" time="23.871" classname="com.esha.test1.AppTest"/>
</testsuite> <!-- com.esha.test1.AppTest -->
