<?xml version="1.0" encoding="UTF-8"?>
<!-- Generated by org.testng.reporters.JUnitReportReporter -->
<testsuite skipped="0" hostname="Eshas-MacBook-Pro.local" name="com.appdirectesha.Applications.SeleniumApplication.AppTest" tests="1" failures="0" timestamp="05 Apr 2017 07:43:04 GMT" time="16.683" errors="0">
  <testcase name="testCase" time="16.683" classname="com.appdirectesha.Applications.SeleniumApplication.AppTest"/>
</testsuite> <!-- com.appdirectesha.Applications.SeleniumApplication.AppTest -->
